[2016-12-08 14:07:58] ERROR com.golden.port.framework.stores.impl.ServiceStore 94 access - 服务异常[operate/operateService.getOperateLeaseListForPage]: java.lang.NoSuchMethodException: com.golden.ihome.addr.service.operate.OperateService.getOperateLeaseListForPage(java.util.Map)
	at java.lang.Class.getDeclaredMethod(Class.java:2004) ~[?:1.7.0_51]
	at com.golden.port.framework.stores.impl.ServiceStore.access(ServiceStore.java:50) [golden-port-api-1.1-SNAPSHOT.jar:?]
	at com.alibaba.dubbo.common.bytecode.Wrapper1.invokeMethod(Wrapper1.java) [?:2.5.3]
	at com.alibaba.dubbo.rpc.proxy.javassist.JavassistProxyFactory$1.doInvoke(JavassistProxyFactory.java:46) [dubbo-2.5.3.jar:2.5.3]
	at com.alibaba.dubbo.rpc.proxy.AbstractProxyInvoker.invoke(AbstractProxyInvoker.java:72) [dubbo-2.5.3.jar:2.5.3]
	at com.alibaba.dubbo.rpc.protocol.InvokerWrapper.invoke(InvokerWrapper.java:53) [dubbo-2.5.3.jar:2.5.3]
	at com.alibaba.dubbo.rpc.filter.ExceptionFilter.invoke(ExceptionFilter.java:64) [dubbo-2.5.3.jar:2.5.3]
	at com.alibaba.dubbo.rpc.protocol.ProtocolFilterWrapper$1.invoke(ProtocolFilterWrapper.java:91) [dubbo-2.5.3.jar:2.5.3]
	at com.alibaba.dubbo.rpc.filter.TimeoutFilter.invoke(TimeoutFilter.java:42) [dubbo-2.5.3.jar:2.5.3]
	at com.alibaba.dubbo.rpc.protocol.ProtocolFilterWrapper$1.invoke(ProtocolFilterWrapper.java:91) [dubbo-2.5.3.jar:2.5.3]
	at com.alibaba.dubbo.monitor.support.MonitorFilter.invoke(MonitorFilter.java:75) [dubbo-2.5.3.jar:2.5.3]
	at com.alibaba.dubbo.rpc.protocol.ProtocolFilterWrapper$1.invoke(ProtocolFilterWrapper.java:91) [dubbo-2.5.3.jar:2.5.3]
	at com.alibaba.dubbo.rpc.protocol.dubbo.filter.TraceFilter.invoke(TraceFilter.java:78) [dubbo-2.5.3.jar:2.5.3]
	at com.alibaba.dubbo.rpc.protocol.ProtocolFilterWrapper$1.invoke(ProtocolFilterWrapper.java:91) [dubbo-2.5.3.jar:2.5.3]
	at com.alibaba.dubbo.rpc.filter.ContextFilter.invoke(ContextFilter.java:60) [dubbo-2.5.3.jar:2.5.3]
	at com.alibaba.dubbo.rpc.protocol.ProtocolFilterWrapper$1.invoke(ProtocolFilterWrapper.java:91) [dubbo-2.5.3.jar:2.5.3]
	at com.alibaba.dubbo.rpc.filter.GenericFilter.invoke(GenericFilter.java:112) [dubbo-2.5.3.jar:2.5.3]
	at com.alibaba.dubbo.rpc.protocol.ProtocolFilterWrapper$1.invoke(ProtocolFilterWrapper.java:91) [dubbo-2.5.3.jar:2.5.3]
	at com.alibaba.dubbo.rpc.filter.ClassLoaderFilter.invoke(ClassLoaderFilter.java:38) [dubbo-2.5.3.jar:2.5.3]
	at com.alibaba.dubbo.rpc.protocol.ProtocolFilterWrapper$1.invoke(ProtocolFilterWrapper.java:91) [dubbo-2.5.3.jar:2.5.3]
	at com.alibaba.dubbo.rpc.filter.EchoFilter.invoke(EchoFilter.java:38) [dubbo-2.5.3.jar:2.5.3]
	at com.alibaba.dubbo.rpc.protocol.ProtocolFilterWrapper$1.invoke(ProtocolFilterWrapper.java:91) [dubbo-2.5.3.jar:2.5.3]
	at com.alibaba.dubbo.rpc.protocol.dubbo.DubboProtocol$1.reply(DubboProtocol.java:108) [dubbo-2.5.3.jar:2.5.3]
	at com.alibaba.dubbo.remoting.exchange.support.header.HeaderExchangeHandler.handleRequest(HeaderExchangeHandler.java:84) [dubbo-2.5.3.jar:2.5.3]
	at com.alibaba.dubbo.remoting.exchange.support.header.HeaderExchangeHandler.received(HeaderExchangeHandler.java:170) [dubbo-2.5.3.jar:2.5.3]
	at com.alibaba.dubbo.remoting.transport.DecodeHandler.received(DecodeHandler.java:52) [dubbo-2.5.3.jar:2.5.3]
	at com.alibaba.dubbo.remoting.transport.dispatcher.ChannelEventRunnable.run(ChannelEventRunnable.java:82) [dubbo-2.5.3.jar:2.5.3]
	at java.util.concurrent.ThreadPoolExecutor.runWorker(ThreadPoolExecutor.java:1145) [?:1.7.0_51]
	at java.util.concurrent.ThreadPoolExecutor$Worker.run(ThreadPoolExecutor.java:615) [?:1.7.0_51]
	at java.lang.Thread.run(Thread.java:744) [?:1.7.0_51]

[2016-12-08 14:07:58] ERROR com.golden.port.framework.stores.impl.ServiceStore 94 access - 服务异常[operate/operateService.getOperateLeaseListForPage]: java.lang.NoSuchMethodException: com.golden.ihome.addr.service.operate.OperateService.getOperateLeaseListForPage(java.util.Map)
	at java.lang.Class.getDeclaredMethod(Class.java:2004) ~[?:1.7.0_51]
	at com.golden.port.framework.stores.impl.ServiceStore.access(ServiceStore.java:50) [golden-port-api-1.1-SNAPSHOT.jar:?]
	at com.alibaba.dubbo.common.bytecode.Wrapper1.invokeMethod(Wrapper1.java) [?:2.5.3]
	at com.alibaba.dubbo.rpc.proxy.javassist.JavassistProxyFactory$1.doInvoke(JavassistProxyFactory.java:46) [dubbo-2.5.3.jar:2.5.3]
	at com.alibaba.dubbo.rpc.proxy.AbstractProxyInvoker.invoke(AbstractProxyInvoker.java:72) [dubbo-2.5.3.jar:2.5.3]
	at com.alibaba.dubbo.rpc.protocol.InvokerWrapper.invoke(InvokerWrapper.java:53) [dubbo-2.5.3.jar:2.5.3]
	at com.alibaba.dubbo.rpc.filter.ExceptionFilter.invoke(ExceptionFilter.java:64) [dubbo-2.5.3.jar:2.5.3]
	at com.alibaba.dubbo.rpc.protocol.ProtocolFilterWrapper$1.invoke(ProtocolFilterWrapper.java:91) [dubbo-2.5.3.jar:2.5.3]
	at com.alibaba.dubbo.rpc.filter.TimeoutFilter.invoke(TimeoutFilter.java:42) [dubbo-2.5.3.jar:2.5.3]
	at com.alibaba.dubbo.rpc.protocol.ProtocolFilterWrapper$1.invoke(ProtocolFilterWrapper.java:91) [dubbo-2.5.3.jar:2.5.3]
	at com.alibaba.dubbo.monitor.support.MonitorFilter.invoke(MonitorFilter.java:75) [dubbo-2.5.3.jar:2.5.3]
	at com.alibaba.dubbo.rpc.protocol.ProtocolFilterWrapper$1.invoke(ProtocolFilterWrapper.java:91) [dubbo-2.5.3.jar:2.5.3]
	at com.alibaba.dubbo.rpc.protocol.dubbo.filter.TraceFilter.invoke(TraceFilter.java:78) [dubbo-2.5.3.jar:2.5.3]
	at com.alibaba.dubbo.rpc.protocol.ProtocolFilterWrapper$1.invoke(ProtocolFilterWrapper.java:91) [dubbo-2.5.3.jar:2.5.3]
	at com.alibaba.dubbo.rpc.filter.ContextFilter.invoke(ContextFilter.java:60) [dubbo-2.5.3.jar:2.5.3]
	at com.alibaba.dubbo.rpc.protocol.ProtocolFilterWrapper$1.invoke(ProtocolFilterWrapper.java:91) [dubbo-2.5.3.jar:2.5.3]
	at com.alibaba.dubbo.rpc.filter.GenericFilter.invoke(GenericFilter.java:112) [dubbo-2.5.3.jar:2.5.3]
	at com.alibaba.dubbo.rpc.protocol.ProtocolFilterWrapper$1.invoke(ProtocolFilterWrapper.java:91) [dubbo-2.5.3.jar:2.5.3]
	at com.alibaba.dubbo.rpc.filter.ClassLoaderFilter.invoke(ClassLoaderFilter.java:38) [dubbo-2.5.3.jar:2.5.3]
	at com.alibaba.dubbo.rpc.protocol.ProtocolFilterWrapper$1.invoke(ProtocolFilterWrapper.java:91) [dubbo-2.5.3.jar:2.5.3]
	at com.alibaba.dubbo.rpc.filter.EchoFilter.invoke(EchoFilter.java:38) [dubbo-2.5.3.jar:2.5.3]
	at com.alibaba.dubbo.rpc.protocol.ProtocolFilterWrapper$1.invoke(ProtocolFilterWrapper.java:91) [dubbo-2.5.3.jar:2.5.3]
	at com.alibaba.dubbo.rpc.protocol.dubbo.DubboProtocol$1.reply(DubboProtocol.java:108) [dubbo-2.5.3.jar:2.5.3]
	at com.alibaba.dubbo.remoting.exchange.support.header.HeaderExchangeHandler.handleRequest(HeaderExchangeHandler.java:84) [dubbo-2.5.3.jar:2.5.3]
	at com.alibaba.dubbo.remoting.exchange.support.header.HeaderExchangeHandler.received(HeaderExchangeHandler.java:170) [dubbo-2.5.3.jar:2.5.3]
	at com.alibaba.dubbo.remoting.transport.DecodeHandler.received(DecodeHandler.java:52) [dubbo-2.5.3.jar:2.5.3]
	at com.alibaba.dubbo.remoting.transport.dispatcher.ChannelEventRunnable.run(ChannelEventRunnable.java:82) [dubbo-2.5.3.jar:2.5.3]
	at java.util.concurrent.ThreadPoolExecutor.runWorker(ThreadPoolExecutor.java:1145) [?:1.7.0_51]
	at java.util.concurrent.ThreadPoolExecutor$Worker.run(ThreadPoolExecutor.java:615) [?:1.7.0_51]
	at java.lang.Thread.run(Thread.java:744) [?:1.7.0_51]

[2016-12-08 14:07:59] ERROR com.golden.port.framework.stores.impl.ServiceStore 94 access - 服务异常[operate/operateService.getOperateLeaseListForPage]: java.lang.NoSuchMethodException: com.golden.ihome.addr.service.operate.OperateService.getOperateLeaseListForPage(java.util.Map)
	at java.lang.Class.getDeclaredMethod(Class.java:2004) ~[?:1.7.0_51]
	at com.golden.port.framework.stores.impl.ServiceStore.access(ServiceStore.java:50) [golden-port-api-1.1-SNAPSHOT.jar:?]
	at com.alibaba.dubbo.common.bytecode.Wrapper1.invokeMethod(Wrapper1.java) [?:2.5.3]
	at com.alibaba.dubbo.rpc.proxy.javassist.JavassistProxyFactory$1.doInvoke(JavassistProxyFactory.java:46) [dubbo-2.5.3.jar:2.5.3]
	at com.alibaba.dubbo.rpc.proxy.AbstractProxyInvoker.invoke(AbstractProxyInvoker.java:72) [dubbo-2.5.3.jar:2.5.3]
	at com.alibaba.dubbo.rpc.protocol.InvokerWrapper.invoke(InvokerWrapper.java:53) [dubbo-2.5.3.jar:2.5.3]
	at com.alibaba.dubbo.rpc.filter.ExceptionFilter.invoke(ExceptionFilter.java:64) [dubbo-2.5.3.jar:2.5.3]
	at com.alibaba.dubbo.rpc.protocol.ProtocolFilterWrapper$1.invoke(ProtocolFilterWrapper.java:91) [dubbo-2.5.3.jar:2.5.3]
	at com.alibaba.dubbo.rpc.filter.TimeoutFilter.invoke(TimeoutFilter.java:42) [dubbo-2.5.3.jar:2.5.3]
	at com.alibaba.dubbo.rpc.protocol.ProtocolFilterWrapper$1.invoke(ProtocolFilterWrapper.java:91) [dubbo-2.5.3.jar:2.5.3]
	at com.alibaba.dubbo.monitor.support.MonitorFilter.invoke(MonitorFilter.java:75) [dubbo-2.5.3.jar:2.5.3]
	at com.alibaba.dubbo.rpc.protocol.ProtocolFilterWrapper$1.invoke(ProtocolFilterWrapper.java:91) [dubbo-2.5.3.jar:2.5.3]
	at com.alibaba.dubbo.rpc.protocol.dubbo.filter.TraceFilter.invoke(TraceFilter.java:78) [dubbo-2.5.3.jar:2.5.3]
	at com.alibaba.dubbo.rpc.protocol.ProtocolFilterWrapper$1.invoke(ProtocolFilterWrapper.java:91) [dubbo-2.5.3.jar:2.5.3]
	at com.alibaba.dubbo.rpc.filter.ContextFilter.invoke(ContextFilter.java:60) [dubbo-2.5.3.jar:2.5.3]
	at com.alibaba.dubbo.rpc.protocol.ProtocolFilterWrapper$1.invoke(ProtocolFilterWrapper.java:91) [dubbo-2.5.3.jar:2.5.3]
	at com.alibaba.dubbo.rpc.filter.GenericFilter.invoke(GenericFilter.java:112) [dubbo-2.5.3.jar:2.5.3]
	at com.alibaba.dubbo.rpc.protocol.ProtocolFilterWrapper$1.invoke(ProtocolFilterWrapper.java:91) [dubbo-2.5.3.jar:2.5.3]
	at com.alibaba.dubbo.rpc.filter.ClassLoaderFilter.invoke(ClassLoaderFilter.java:38) [dubbo-2.5.3.jar:2.5.3]
	at com.alibaba.dubbo.rpc.protocol.ProtocolFilterWrapper$1.invoke(ProtocolFilterWrapper.java:91) [dubbo-2.5.3.jar:2.5.3]
	at com.alibaba.dubbo.rpc.filter.EchoFilter.invoke(EchoFilter.java:38) [dubbo-2.5.3.jar:2.5.3]
	at com.alibaba.dubbo.rpc.protocol.ProtocolFilterWrapper$1.invoke(ProtocolFilterWrapper.java:91) [dubbo-2.5.3.jar:2.5.3]
	at com.alibaba.dubbo.rpc.protocol.dubbo.DubboProtocol$1.reply(DubboProtocol.java:108) [dubbo-2.5.3.jar:2.5.3]
	at com.alibaba.dubbo.remoting.exchange.support.header.HeaderExchangeHandler.handleRequest(HeaderExchangeHandler.java:84) [dubbo-2.5.3.jar:2.5.3]
	at com.alibaba.dubbo.remoting.exchange.support.header.HeaderExchangeHandler.received(HeaderExchangeHandler.java:170) [dubbo-2.5.3.jar:2.5.3]
	at com.alibaba.dubbo.remoting.transport.DecodeHandler.received(DecodeHandler.java:52) [dubbo-2.5.3.jar:2.5.3]
	at com.alibaba.dubbo.remoting.transport.dispatcher.ChannelEventRunnable.run(ChannelEventRunnable.java:82) [dubbo-2.5.3.jar:2.5.3]
	at java.util.concurrent.ThreadPoolExecutor.runWorker(ThreadPoolExecutor.java:1145) [?:1.7.0_51]
	at java.util.concurrent.ThreadPoolExecutor$Worker.run(ThreadPoolExecutor.java:615) [?:1.7.0_51]
	at java.lang.Thread.run(Thread.java:744) [?:1.7.0_51]

[2016-12-08 14:08:12] ERROR com.golden.port.framework.stores.impl.ServiceStore 94 access - 服务异常[operate/operateService.getOperateLeaseListForPage]: java.lang.NoSuchMethodException: com.golden.ihome.addr.service.operate.OperateService.getOperateLeaseListForPage(java.util.Map)
	at java.lang.Class.getDeclaredMethod(Class.java:2004) ~[?:1.7.0_51]
	at com.golden.port.framework.stores.impl.ServiceStore.access(ServiceStore.java:50) [golden-port-api-1.1-SNAPSHOT.jar:?]
	at com.alibaba.dubbo.common.bytecode.Wrapper1.invokeMethod(Wrapper1.java) [?:2.5.3]
	at com.alibaba.dubbo.rpc.proxy.javassist.JavassistProxyFactory$1.doInvoke(JavassistProxyFactory.java:46) [dubbo-2.5.3.jar:2.5.3]
	at com.alibaba.dubbo.rpc.proxy.AbstractProxyInvoker.invoke(AbstractProxyInvoker.java:72) [dubbo-2.5.3.jar:2.5.3]
	at com.alibaba.dubbo.rpc.protocol.InvokerWrapper.invoke(InvokerWrapper.java:53) [dubbo-2.5.3.jar:2.5.3]
	at com.alibaba.dubbo.rpc.filter.ExceptionFilter.invoke(ExceptionFilter.java:64) [dubbo-2.5.3.jar:2.5.3]
	at com.alibaba.dubbo.rpc.protocol.ProtocolFilterWrapper$1.invoke(ProtocolFilterWrapper.java:91) [dubbo-2.5.3.jar:2.5.3]
	at com.alibaba.dubbo.rpc.filter.TimeoutFilter.invoke(TimeoutFilter.java:42) [dubbo-2.5.3.jar:2.5.3]
	at com.alibaba.dubbo.rpc.protocol.ProtocolFilterWrapper$1.invoke(ProtocolFilterWrapper.java:91) [dubbo-2.5.3.jar:2.5.3]
	at com.alibaba.dubbo.monitor.support.MonitorFilter.invoke(MonitorFilter.java:75) [dubbo-2.5.3.jar:2.5.3]
	at com.alibaba.dubbo.rpc.protocol.ProtocolFilterWrapper$1.invoke(ProtocolFilterWrapper.java:91) [dubbo-2.5.3.jar:2.5.3]
	at com.alibaba.dubbo.rpc.protocol.dubbo.filter.TraceFilter.invoke(TraceFilter.java:78) [dubbo-2.5.3.jar:2.5.3]
	at com.alibaba.dubbo.rpc.protocol.ProtocolFilterWrapper$1.invoke(ProtocolFilterWrapper.java:91) [dubbo-2.5.3.jar:2.5.3]
	at com.alibaba.dubbo.rpc.filter.ContextFilter.invoke(ContextFilter.java:60) [dubbo-2.5.3.jar:2.5.3]
	at com.alibaba.dubbo.rpc.protocol.ProtocolFilterWrapper$1.invoke(ProtocolFilterWrapper.java:91) [dubbo-2.5.3.jar:2.5.3]
	at com.alibaba.dubbo.rpc.filter.GenericFilter.invoke(GenericFilter.java:112) [dubbo-2.5.3.jar:2.5.3]
	at com.alibaba.dubbo.rpc.protocol.ProtocolFilterWrapper$1.invoke(ProtocolFilterWrapper.java:91) [dubbo-2.5.3.jar:2.5.3]
	at com.alibaba.dubbo.rpc.filter.ClassLoaderFilter.invoke(ClassLoaderFilter.java:38) [dubbo-2.5.3.jar:2.5.3]
	at com.alibaba.dubbo.rpc.protocol.ProtocolFilterWrapper$1.invoke(ProtocolFilterWrapper.java:91) [dubbo-2.5.3.jar:2.5.3]
	at com.alibaba.dubbo.rpc.filter.EchoFilter.invoke(EchoFilter.java:38) [dubbo-2.5.3.jar:2.5.3]
	at com.alibaba.dubbo.rpc.protocol.ProtocolFilterWrapper$1.invoke(ProtocolFilterWrapper.java:91) [dubbo-2.5.3.jar:2.5.3]
	at com.alibaba.dubbo.rpc.protocol.dubbo.DubboProtocol$1.reply(DubboProtocol.java:108) [dubbo-2.5.3.jar:2.5.3]
	at com.alibaba.dubbo.remoting.exchange.support.header.HeaderExchangeHandler.handleRequest(HeaderExchangeHandler.java:84) [dubbo-2.5.3.jar:2.5.3]
	at com.alibaba.dubbo.remoting.exchange.support.header.HeaderExchangeHandler.received(HeaderExchangeHandler.java:170) [dubbo-2.5.3.jar:2.5.3]
	at com.alibaba.dubbo.remoting.transport.DecodeHandler.received(DecodeHandler.java:52) [dubbo-2.5.3.jar:2.5.3]
	at com.alibaba.dubbo.remoting.transport.dispatcher.ChannelEventRunnable.run(ChannelEventRunnable.java:82) [dubbo-2.5.3.jar:2.5.3]
	at java.util.concurrent.ThreadPoolExecutor.runWorker(ThreadPoolExecutor.java:1145) [?:1.7.0_51]
	at java.util.concurrent.ThreadPoolExecutor$Worker.run(ThreadPoolExecutor.java:615) [?:1.7.0_51]
	at java.lang.Thread.run(Thread.java:744) [?:1.7.0_51]

[2016-12-08 14:08:13] ERROR com.golden.port.framework.stores.impl.ServiceStore 94 access - 服务异常[operate/operateService.getOperateLeaseListForPage]: java.lang.NoSuchMethodException: com.golden.ihome.addr.service.operate.OperateService.getOperateLeaseListForPage(java.util.Map)
	at java.lang.Class.getDeclaredMethod(Class.java:2004) ~[?:1.7.0_51]
	at com.golden.port.framework.stores.impl.ServiceStore.access(ServiceStore.java:50) [golden-port-api-1.1-SNAPSHOT.jar:?]
	at com.alibaba.dubbo.common.bytecode.Wrapper1.invokeMethod(Wrapper1.java) [?:2.5.3]
	at com.alibaba.dubbo.rpc.proxy.javassist.JavassistProxyFactory$1.doInvoke(JavassistProxyFactory.java:46) [dubbo-2.5.3.jar:2.5.3]
	at com.alibaba.dubbo.rpc.proxy.AbstractProxyInvoker.invoke(AbstractProxyInvoker.java:72) [dubbo-2.5.3.jar:2.5.3]
	at com.alibaba.dubbo.rpc.protocol.InvokerWrapper.invoke(InvokerWrapper.java:53) [dubbo-2.5.3.jar:2.5.3]
	at com.alibaba.dubbo.rpc.filter.ExceptionFilter.invoke(ExceptionFilter.java:64) [dubbo-2.5.3.jar:2.5.3]
	at com.alibaba.dubbo.rpc.protocol.ProtocolFilterWrapper$1.invoke(ProtocolFilterWrapper.java:91) [dubbo-2.5.3.jar:2.5.3]
	at com.alibaba.dubbo.rpc.filter.TimeoutFilter.invoke(TimeoutFilter.java:42) [dubbo-2.5.3.jar:2.5.3]
	at com.alibaba.dubbo.rpc.protocol.ProtocolFilterWrapper$1.invoke(ProtocolFilterWrapper.java:91) [dubbo-2.5.3.jar:2.5.3]
	at com.alibaba.dubbo.monitor.support.MonitorFilter.invoke(MonitorFilter.java:75) [dubbo-2.5.3.jar:2.5.3]
	at com.alibaba.dubbo.rpc.protocol.ProtocolFilterWrapper$1.invoke(ProtocolFilterWrapper.java:91) [dubbo-2.5.3.jar:2.5.3]
	at com.alibaba.dubbo.rpc.protocol.dubbo.filter.TraceFilter.invoke(TraceFilter.java:78) [dubbo-2.5.3.jar:2.5.3]
	at com.alibaba.dubbo.rpc.protocol.ProtocolFilterWrapper$1.invoke(ProtocolFilterWrapper.java:91) [dubbo-2.5.3.jar:2.5.3]
	at com.alibaba.dubbo.rpc.filter.ContextFilter.invoke(ContextFilter.java:60) [dubbo-2.5.3.jar:2.5.3]
	at com.alibaba.dubbo.rpc.protocol.ProtocolFilterWrapper$1.invoke(ProtocolFilterWrapper.java:91) [dubbo-2.5.3.jar:2.5.3]
	at com.alibaba.dubbo.rpc.filter.GenericFilter.invoke(GenericFilter.java:112) [dubbo-2.5.3.jar:2.5.3]
	at com.alibaba.dubbo.rpc.protocol.ProtocolFilterWrapper$1.invoke(ProtocolFilterWrapper.java:91) [dubbo-2.5.3.jar:2.5.3]
	at com.alibaba.dubbo.rpc.filter.ClassLoaderFilter.invoke(ClassLoaderFilter.java:38) [dubbo-2.5.3.jar:2.5.3]
	at com.alibaba.dubbo.rpc.protocol.ProtocolFilterWrapper$1.invoke(ProtocolFilterWrapper.java:91) [dubbo-2.5.3.jar:2.5.3]
	at com.alibaba.dubbo.rpc.filter.EchoFilter.invoke(EchoFilter.java:38) [dubbo-2.5.3.jar:2.5.3]
	at com.alibaba.dubbo.rpc.protocol.ProtocolFilterWrapper$1.invoke(ProtocolFilterWrapper.java:91) [dubbo-2.5.3.jar:2.5.3]
	at com.alibaba.dubbo.rpc.protocol.dubbo.DubboProtocol$1.reply(DubboProtocol.java:108) [dubbo-2.5.3.jar:2.5.3]
	at com.alibaba.dubbo.remoting.exchange.support.header.HeaderExchangeHandler.handleRequest(HeaderExchangeHandler.java:84) [dubbo-2.5.3.jar:2.5.3]
	at com.alibaba.dubbo.remoting.exchange.support.header.HeaderExchangeHandler.received(HeaderExchangeHandler.java:170) [dubbo-2.5.3.jar:2.5.3]
	at com.alibaba.dubbo.remoting.transport.DecodeHandler.received(DecodeHandler.java:52) [dubbo-2.5.3.jar:2.5.3]
	at com.alibaba.dubbo.remoting.transport.dispatcher.ChannelEventRunnable.run(ChannelEventRunnable.java:82) [dubbo-2.5.3.jar:2.5.3]
	at java.util.concurrent.ThreadPoolExecutor.runWorker(ThreadPoolExecutor.java:1145) [?:1.7.0_51]
	at java.util.concurrent.ThreadPoolExecutor$Worker.run(ThreadPoolExecutor.java:615) [?:1.7.0_51]
	at java.lang.Thread.run(Thread.java:744) [?:1.7.0_51]

[2016-12-08 14:08:14] ERROR com.golden.port.framework.stores.impl.ServiceStore 94 access - 服务异常[operate/operateService.getOperateLeaseListForPage]: java.lang.NoSuchMethodException: com.golden.ihome.addr.service.operate.OperateService.getOperateLeaseListForPage(java.util.Map)
	at java.lang.Class.getDeclaredMethod(Class.java:2004) ~[?:1.7.0_51]
	at com.golden.port.framework.stores.impl.ServiceStore.access(ServiceStore.java:50) [golden-port-api-1.1-SNAPSHOT.jar:?]
	at com.alibaba.dubbo.common.bytecode.Wrapper1.invokeMethod(Wrapper1.java) [?:2.5.3]
	at com.alibaba.dubbo.rpc.proxy.javassist.JavassistProxyFactory$1.doInvoke(JavassistProxyFactory.java:46) [dubbo-2.5.3.jar:2.5.3]
	at com.alibaba.dubbo.rpc.proxy.AbstractProxyInvoker.invoke(AbstractProxyInvoker.java:72) [dubbo-2.5.3.jar:2.5.3]
	at com.alibaba.dubbo.rpc.protocol.InvokerWrapper.invoke(InvokerWrapper.java:53) [dubbo-2.5.3.jar:2.5.3]
	at com.alibaba.dubbo.rpc.filter.ExceptionFilter.invoke(ExceptionFilter.java:64) [dubbo-2.5.3.jar:2.5.3]
	at com.alibaba.dubbo.rpc.protocol.ProtocolFilterWrapper$1.invoke(ProtocolFilterWrapper.java:91) [dubbo-2.5.3.jar:2.5.3]
	at com.alibaba.dubbo.rpc.filter.TimeoutFilter.invoke(TimeoutFilter.java:42) [dubbo-2.5.3.jar:2.5.3]
	at com.alibaba.dubbo.rpc.protocol.ProtocolFilterWrapper$1.invoke(ProtocolFilterWrapper.java:91) [dubbo-2.5.3.jar:2.5.3]
	at com.alibaba.dubbo.monitor.support.MonitorFilter.invoke(MonitorFilter.java:75) [dubbo-2.5.3.jar:2.5.3]
	at com.alibaba.dubbo.rpc.protocol.ProtocolFilterWrapper$1.invoke(ProtocolFilterWrapper.java:91) [dubbo-2.5.3.jar:2.5.3]
	at com.alibaba.dubbo.rpc.protocol.dubbo.filter.TraceFilter.invoke(TraceFilter.java:78) [dubbo-2.5.3.jar:2.5.3]
	at com.alibaba.dubbo.rpc.protocol.ProtocolFilterWrapper$1.invoke(ProtocolFilterWrapper.java:91) [dubbo-2.5.3.jar:2.5.3]
	at com.alibaba.dubbo.rpc.filter.ContextFilter.invoke(ContextFilter.java:60) [dubbo-2.5.3.jar:2.5.3]
	at com.alibaba.dubbo.rpc.protocol.ProtocolFilterWrapper$1.invoke(ProtocolFilterWrapper.java:91) [dubbo-2.5.3.jar:2.5.3]
	at com.alibaba.dubbo.rpc.filter.GenericFilter.invoke(GenericFilter.java:112) [dubbo-2.5.3.jar:2.5.3]
	at com.alibaba.dubbo.rpc.protocol.ProtocolFilterWrapper$1.invoke(ProtocolFilterWrapper.java:91) [dubbo-2.5.3.jar:2.5.3]
	at com.alibaba.dubbo.rpc.filter.ClassLoaderFilter.invoke(ClassLoaderFilter.java:38) [dubbo-2.5.3.jar:2.5.3]
	at com.alibaba.dubbo.rpc.protocol.ProtocolFilterWrapper$1.invoke(ProtocolFilterWrapper.java:91) [dubbo-2.5.3.jar:2.5.3]
	at com.alibaba.dubbo.rpc.filter.EchoFilter.invoke(EchoFilter.java:38) [dubbo-2.5.3.jar:2.5.3]
	at com.alibaba.dubbo.rpc.protocol.ProtocolFilterWrapper$1.invoke(ProtocolFilterWrapper.java:91) [dubbo-2.5.3.jar:2.5.3]
	at com.alibaba.dubbo.rpc.protocol.dubbo.DubboProtocol$1.reply(DubboProtocol.java:108) [dubbo-2.5.3.jar:2.5.3]
	at com.alibaba.dubbo.remoting.exchange.support.header.HeaderExchangeHandler.handleRequest(HeaderExchangeHandler.java:84) [dubbo-2.5.3.jar:2.5.3]
	at com.alibaba.dubbo.remoting.exchange.support.header.HeaderExchangeHandler.received(HeaderExchangeHandler.java:170) [dubbo-2.5.3.jar:2.5.3]
	at com.alibaba.dubbo.remoting.transport.DecodeHandler.received(DecodeHandler.java:52) [dubbo-2.5.3.jar:2.5.3]
	at com.alibaba.dubbo.remoting.transport.dispatcher.ChannelEventRunnable.run(ChannelEventRunnable.java:82) [dubbo-2.5.3.jar:2.5.3]
	at java.util.concurrent.ThreadPoolExecutor.runWorker(ThreadPoolExecutor.java:1145) [?:1.7.0_51]
	at java.util.concurrent.ThreadPoolExecutor$Worker.run(ThreadPoolExecutor.java:615) [?:1.7.0_51]
	at java.lang.Thread.run(Thread.java:744) [?:1.7.0_51]

[2016-12-08 14:08:16] ERROR com.golden.port.framework.stores.impl.ServiceStore 94 access - 服务异常[operate/operateService.getOperateLeaseListForPage]: java.lang.NoSuchMethodException: com.golden.ihome.addr.service.operate.OperateService.getOperateLeaseListForPage(java.util.Map)
	at java.lang.Class.getDeclaredMethod(Class.java:2004) ~[?:1.7.0_51]
	at com.golden.port.framework.stores.impl.ServiceStore.access(ServiceStore.java:50) [golden-port-api-1.1-SNAPSHOT.jar:?]
	at com.alibaba.dubbo.common.bytecode.Wrapper1.invokeMethod(Wrapper1.java) [?:2.5.3]
	at com.alibaba.dubbo.rpc.proxy.javassist.JavassistProxyFactory$1.doInvoke(JavassistProxyFactory.java:46) [dubbo-2.5.3.jar:2.5.3]
	at com.alibaba.dubbo.rpc.proxy.AbstractProxyInvoker.invoke(AbstractProxyInvoker.java:72) [dubbo-2.5.3.jar:2.5.3]
	at com.alibaba.dubbo.rpc.protocol.InvokerWrapper.invoke(InvokerWrapper.java:53) [dubbo-2.5.3.jar:2.5.3]
	at com.alibaba.dubbo.rpc.filter.ExceptionFilter.invoke(ExceptionFilter.java:64) [dubbo-2.5.3.jar:2.5.3]
	at com.alibaba.dubbo.rpc.protocol.ProtocolFilterWrapper$1.invoke(ProtocolFilterWrapper.java:91) [dubbo-2.5.3.jar:2.5.3]
	at com.alibaba.dubbo.rpc.filter.TimeoutFilter.invoke(TimeoutFilter.java:42) [dubbo-2.5.3.jar:2.5.3]
	at com.alibaba.dubbo.rpc.protocol.ProtocolFilterWrapper$1.invoke(ProtocolFilterWrapper.java:91) [dubbo-2.5.3.jar:2.5.3]
	at com.alibaba.dubbo.monitor.support.MonitorFilter.invoke(MonitorFilter.java:75) [dubbo-2.5.3.jar:2.5.3]
	at com.alibaba.dubbo.rpc.protocol.ProtocolFilterWrapper$1.invoke(ProtocolFilterWrapper.java:91) [dubbo-2.5.3.jar:2.5.3]
	at com.alibaba.dubbo.rpc.protocol.dubbo.filter.TraceFilter.invoke(TraceFilter.java:78) [dubbo-2.5.3.jar:2.5.3]
	at com.alibaba.dubbo.rpc.protocol.ProtocolFilterWrapper$1.invoke(ProtocolFilterWrapper.java:91) [dubbo-2.5.3.jar:2.5.3]
	at com.alibaba.dubbo.rpc.filter.ContextFilter.invoke(ContextFilter.java:60) [dubbo-2.5.3.jar:2.5.3]
	at com.alibaba.dubbo.rpc.protocol.ProtocolFilterWrapper$1.invoke(ProtocolFilterWrapper.java:91) [dubbo-2.5.3.jar:2.5.3]
	at com.alibaba.dubbo.rpc.filter.GenericFilter.invoke(GenericFilter.java:112) [dubbo-2.5.3.jar:2.5.3]
	at com.alibaba.dubbo.rpc.protocol.ProtocolFilterWrapper$1.invoke(ProtocolFilterWrapper.java:91) [dubbo-2.5.3.jar:2.5.3]
	at com.alibaba.dubbo.rpc.filter.ClassLoaderFilter.invoke(ClassLoaderFilter.java:38) [dubbo-2.5.3.jar:2.5.3]
	at com.alibaba.dubbo.rpc.protocol.ProtocolFilterWrapper$1.invoke(ProtocolFilterWrapper.java:91) [dubbo-2.5.3.jar:2.5.3]
	at com.alibaba.dubbo.rpc.filter.EchoFilter.invoke(EchoFilter.java:38) [dubbo-2.5.3.jar:2.5.3]
	at com.alibaba.dubbo.rpc.protocol.ProtocolFilterWrapper$1.invoke(ProtocolFilterWrapper.java:91) [dubbo-2.5.3.jar:2.5.3]
	at com.alibaba.dubbo.rpc.protocol.dubbo.DubboProtocol$1.reply(DubboProtocol.java:108) [dubbo-2.5.3.jar:2.5.3]
	at com.alibaba.dubbo.remoting.exchange.support.header.HeaderExchangeHandler.handleRequest(HeaderExchangeHandler.java:84) [dubbo-2.5.3.jar:2.5.3]
	at com.alibaba.dubbo.remoting.exchange.support.header.HeaderExchangeHandler.received(HeaderExchangeHandler.java:170) [dubbo-2.5.3.jar:2.5.3]
	at com.alibaba.dubbo.remoting.transport.DecodeHandler.received(DecodeHandler.java:52) [dubbo-2.5.3.jar:2.5.3]
	at com.alibaba.dubbo.remoting.transport.dispatcher.ChannelEventRunnable.run(ChannelEventRunnable.java:82) [dubbo-2.5.3.jar:2.5.3]
	at java.util.concurrent.ThreadPoolExecutor.runWorker(ThreadPoolExecutor.java:1145) [?:1.7.0_51]
	at java.util.concurrent.ThreadPoolExecutor$Worker.run(ThreadPoolExecutor.java:615) [?:1.7.0_51]
	at java.lang.Thread.run(Thread.java:744) [?:1.7.0_51]

[2016-12-08 14:38:13] ERROR com.golden.port.framework.stores.impl.ServiceStore 94 access - 服务异常[house/houseFollowService.getHouseFollowListForPage]: java.lang.reflect.InvocationTargetException
	at sun.reflect.NativeMethodAccessorImpl.invoke0(Native Method) ~[?:1.7.0_51]
	at sun.reflect.NativeMethodAccessorImpl.invoke(NativeMethodAccessorImpl.java:57) ~[?:1.7.0_51]
	at sun.reflect.DelegatingMethodAccessorImpl.invoke(DelegatingMethodAccessorImpl.java:43) ~[?:1.7.0_51]
	at java.lang.reflect.Method.invoke(Method.java:606) ~[?:1.7.0_51]
	at com.golden.port.framework.stores.impl.ServiceStore.execute(ServiceStore.java:155) ~[golden-port-api-1.1-SNAPSHOT.jar:?]
	at com.golden.port.framework.stores.impl.ServiceStore.methodRoute(ServiceStore.java:117) ~[golden-port-api-1.1-SNAPSHOT.jar:?]
	at com.golden.port.framework.stores.impl.ServiceStore.access(ServiceStore.java:56) [golden-port-api-1.1-SNAPSHOT.jar:?]
	at com.alibaba.dubbo.common.bytecode.Wrapper1.invokeMethod(Wrapper1.java) [?:2.5.3]
	at com.alibaba.dubbo.rpc.proxy.javassist.JavassistProxyFactory$1.doInvoke(JavassistProxyFactory.java:46) [dubbo-2.5.3.jar:2.5.3]
	at com.alibaba.dubbo.rpc.proxy.AbstractProxyInvoker.invoke(AbstractProxyInvoker.java:72) [dubbo-2.5.3.jar:2.5.3]
	at com.alibaba.dubbo.rpc.protocol.InvokerWrapper.invoke(InvokerWrapper.java:53) [dubbo-2.5.3.jar:2.5.3]
	at com.alibaba.dubbo.rpc.filter.ExceptionFilter.invoke(ExceptionFilter.java:64) [dubbo-2.5.3.jar:2.5.3]
	at com.alibaba.dubbo.rpc.protocol.ProtocolFilterWrapper$1.invoke(ProtocolFilterWrapper.java:91) [dubbo-2.5.3.jar:2.5.3]
	at com.alibaba.dubbo.rpc.filter.TimeoutFilter.invoke(TimeoutFilter.java:42) [dubbo-2.5.3.jar:2.5.3]
	at com.alibaba.dubbo.rpc.protocol.ProtocolFilterWrapper$1.invoke(ProtocolFilterWrapper.java:91) [dubbo-2.5.3.jar:2.5.3]
	at com.alibaba.dubbo.monitor.support.MonitorFilter.invoke(MonitorFilter.java:75) [dubbo-2.5.3.jar:2.5.3]
	at com.alibaba.dubbo.rpc.protocol.ProtocolFilterWrapper$1.invoke(ProtocolFilterWrapper.java:91) [dubbo-2.5.3.jar:2.5.3]
	at com.alibaba.dubbo.rpc.protocol.dubbo.filter.TraceFilter.invoke(TraceFilter.java:78) [dubbo-2.5.3.jar:2.5.3]
	at com.alibaba.dubbo.rpc.protocol.ProtocolFilterWrapper$1.invoke(ProtocolFilterWrapper.java:91) [dubbo-2.5.3.jar:2.5.3]
	at com.alibaba.dubbo.rpc.filter.ContextFilter.invoke(ContextFilter.java:60) [dubbo-2.5.3.jar:2.5.3]
	at com.alibaba.dubbo.rpc.protocol.ProtocolFilterWrapper$1.invoke(ProtocolFilterWrapper.java:91) [dubbo-2.5.3.jar:2.5.3]
	at com.alibaba.dubbo.rpc.filter.GenericFilter.invoke(GenericFilter.java:112) [dubbo-2.5.3.jar:2.5.3]
	at com.alibaba.dubbo.rpc.protocol.ProtocolFilterWrapper$1.invoke(ProtocolFilterWrapper.java:91) [dubbo-2.5.3.jar:2.5.3]
	at com.alibaba.dubbo.rpc.filter.ClassLoaderFilter.invoke(ClassLoaderFilter.java:38) [dubbo-2.5.3.jar:2.5.3]
	at com.alibaba.dubbo.rpc.protocol.ProtocolFilterWrapper$1.invoke(ProtocolFilterWrapper.java:91) [dubbo-2.5.3.jar:2.5.3]
	at com.alibaba.dubbo.rpc.filter.EchoFilter.invoke(EchoFilter.java:38) [dubbo-2.5.3.jar:2.5.3]
	at com.alibaba.dubbo.rpc.protocol.ProtocolFilterWrapper$1.invoke(ProtocolFilterWrapper.java:91) [dubbo-2.5.3.jar:2.5.3]
	at com.alibaba.dubbo.rpc.protocol.dubbo.DubboProtocol$1.reply(DubboProtocol.java:108) [dubbo-2.5.3.jar:2.5.3]
	at com.alibaba.dubbo.remoting.exchange.support.header.HeaderExchangeHandler.handleRequest(HeaderExchangeHandler.java:84) [dubbo-2.5.3.jar:2.5.3]
	at com.alibaba.dubbo.remoting.exchange.support.header.HeaderExchangeHandler.received(HeaderExchangeHandler.java:170) [dubbo-2.5.3.jar:2.5.3]
	at com.alibaba.dubbo.remoting.transport.DecodeHandler.received(DecodeHandler.java:52) [dubbo-2.5.3.jar:2.5.3]
	at com.alibaba.dubbo.remoting.transport.dispatcher.ChannelEventRunnable.run(ChannelEventRunnable.java:82) [dubbo-2.5.3.jar:2.5.3]
	at java.util.concurrent.ThreadPoolExecutor.runWorker(ThreadPoolExecutor.java:1145) [?:1.7.0_51]
	at java.util.concurrent.ThreadPoolExecutor$Worker.run(ThreadPoolExecutor.java:615) [?:1.7.0_51]
	at java.lang.Thread.run(Thread.java:744) [?:1.7.0_51]
Caused by: org.springframework.jdbc.BadSqlGrammarException: 
### Error querying database.  Cause: java.sql.SQLException: ORA-00904: "INFO"."DIVIDE_QU_CODE": 标识符无效

### The error may exist in mybatis/crm/house/HouseFollow.xml
### The error may involve houseFollow.getHouseFollowListForPage-Inline
### The error occurred while setting parameters
### Cause: java.sql.SQLException: ORA-00904: "INFO"."DIVIDE_QU_CODE": 标识符无效

; bad SQL grammar []; nested exception is java.sql.SQLException: ORA-00904: "INFO"."DIVIDE_QU_CODE": 标识符无效

	at org.springframework.jdbc.support.SQLErrorCodeSQLExceptionTranslator.doTranslate(SQLErrorCodeSQLExceptionTranslator.java:231) ~[spring-jdbc-4.2.5.RELEASE.jar:4.2.5.RELEASE]
	at org.springframework.jdbc.support.AbstractFallbackSQLExceptionTranslator.translate(AbstractFallbackSQLExceptionTranslator.java:73) ~[spring-jdbc-4.2.5.RELEASE.jar:4.2.5.RELEASE]
	at org.mybatis.spring.MyBatisExceptionTranslator.translateExceptionIfPossible(MyBatisExceptionTranslator.java:73) ~[mybatis-spring-1.2.2.jar:1.2.2]
	at org.mybatis.spring.SqlSessionTemplate$SqlSessionInterceptor.invoke(SqlSessionTemplate.java:371) ~[mybatis-spring-1.2.2.jar:1.2.2]
	at com.sun.proxy.$Proxy27.selectList(Unknown Source) ~[?:?]
	at org.mybatis.spring.SqlSessionTemplate.selectList(SqlSessionTemplate.java:198) ~[mybatis-spring-1.2.2.jar:1.2.2]
	at com.golden.port.framework.mybatis.SqlMapExcutor.queryListPage(SqlMapExcutor.java:44) ~[golden-port-api-1.1-SNAPSHOT.jar:?]
	at com.golden.ihome.crm.dao.house.HouseFollowDao.getHouseFollowListForPage(HouseFollowDao.java:24) ~[bin/:?]
	at com.golden.ihome.crm.service.house.HouseFollowService.getHouseFollowListForPage(HouseFollowService.java:43) ~[bin/:?]
	... 35 more
Caused by: java.sql.SQLException: ORA-00904: "INFO"."DIVIDE_QU_CODE": 标识符无效

	at oracle.jdbc.driver.DatabaseError.throwSqlException(DatabaseError.java:112) ~[ojdbc14-10.2.0.1.0.jar:Oracle JDBC Driver version - "10.2.0.1.0"]
	at oracle.jdbc.driver.T4CTTIoer.processError(T4CTTIoer.java:331) ~[ojdbc14-10.2.0.1.0.jar:Oracle JDBC Driver version - "10.2.0.1.0"]
	at oracle.jdbc.driver.T4CTTIoer.processError(T4CTTIoer.java:288) ~[ojdbc14-10.2.0.1.0.jar:Oracle JDBC Driver version - "10.2.0.1.0"]
	at oracle.jdbc.driver.T4C8Oall.receive(T4C8Oall.java:743) ~[ojdbc14-10.2.0.1.0.jar:Oracle JDBC Driver version - "10.2.0.1.0"]
	at oracle.jdbc.driver.T4CPreparedStatement.doOall8(T4CPreparedStatement.java:216) ~[ojdbc14-10.2.0.1.0.jar:Oracle JDBC Driver version - "10.2.0.1.0"]
	at oracle.jdbc.driver.T4CPreparedStatement.executeForDescribe(T4CPreparedStatement.java:799) ~[ojdbc14-10.2.0.1.0.jar:Oracle JDBC Driver version - "10.2.0.1.0"]
	at oracle.jdbc.driver.OracleStatement.executeMaybeDescribe(OracleStatement.java:1039) ~[ojdbc14-10.2.0.1.0.jar:Oracle JDBC Driver version - "10.2.0.1.0"]
	at oracle.jdbc.driver.T4CPreparedStatement.executeMaybeDescribe(T4CPreparedStatement.java:839) ~[ojdbc14-10.2.0.1.0.jar:Oracle JDBC Driver version - "10.2.0.1.0"]
	at oracle.jdbc.driver.OracleStatement.doExecuteWithTimeout(OracleStatement.java:1132) ~[ojdbc14-10.2.0.1.0.jar:Oracle JDBC Driver version - "10.2.0.1.0"]
	at oracle.jdbc.driver.OraclePreparedStatement.executeInternal(OraclePreparedStatement.java:3285) ~[ojdbc14-10.2.0.1.0.jar:Oracle JDBC Driver version - "10.2.0.1.0"]
	at oracle.jdbc.driver.OraclePreparedStatement.executeQuery(OraclePreparedStatement.java:3329) ~[ojdbc14-10.2.0.1.0.jar:Oracle JDBC Driver version - "10.2.0.1.0"]
	at com.alibaba.druid.pool.DruidPooledPreparedStatement.executeQuery(DruidPooledPreparedStatement.java:227) ~[druid-1.0.18.jar:1.0.18]
	at sun.reflect.GeneratedMethodAccessor77.invoke(Unknown Source) ~[?:?]
	at sun.reflect.DelegatingMethodAccessorImpl.invoke(DelegatingMethodAccessorImpl.java:43) ~[?:1.7.0_51]
	at java.lang.reflect.Method.invoke(Method.java:606) ~[?:1.7.0_51]
	at org.apache.ibatis.logging.jdbc.PreparedStatementLogger.invoke(PreparedStatementLogger.java:55) ~[mybatis-3.2.8.jar:3.2.8]
	at com.sun.proxy.$Proxy33.executeQuery(Unknown Source) ~[?:?]
	at com.golden.port.framework.pages.PageInterceptor.intercept(PageInterceptor.java:99) ~[golden-port-api-1.1-SNAPSHOT.jar:?]
	at org.apache.ibatis.plugin.Plugin.invoke(Plugin.java:60) ~[mybatis-3.2.8.jar:3.2.8]
	at com.sun.proxy.$Proxy31.prepare(Unknown Source) ~[?:?]
	at org.apache.ibatis.executor.SimpleExecutor.prepareStatement(SimpleExecutor.java:73) ~[mybatis-3.2.8.jar:3.2.8]
	at org.apache.ibatis.executor.SimpleExecutor.doQuery(SimpleExecutor.java:59) ~[mybatis-3.2.8.jar:3.2.8]
	at org.apache.ibatis.executor.BaseExecutor.queryFromDatabase(BaseExecutor.java:267) ~[mybatis-3.2.8.jar:3.2.8]
	at org.apache.ibatis.executor.BaseExecutor.query(BaseExecutor.java:137) ~[mybatis-3.2.8.jar:3.2.8]
	at org.apache.ibatis.executor.CachingExecutor.query(CachingExecutor.java:96) ~[mybatis-3.2.8.jar:3.2.8]
	at org.apache.ibatis.executor.CachingExecutor.query(CachingExecutor.java:77) ~[mybatis-3.2.8.jar:3.2.8]
	at org.apache.ibatis.session.defaults.DefaultSqlSession.selectList(DefaultSqlSession.java:108) ~[mybatis-3.2.8.jar:3.2.8]
	at org.apache.ibatis.session.defaults.DefaultSqlSession.selectList(DefaultSqlSession.java:102) ~[mybatis-3.2.8.jar:3.2.8]
	at sun.reflect.GeneratedMethodAccessor68.invoke(Unknown Source) ~[?:?]
	at sun.reflect.DelegatingMethodAccessorImpl.invoke(DelegatingMethodAccessorImpl.java:43) ~[?:1.7.0_51]
	at java.lang.reflect.Method.invoke(Method.java:606) ~[?:1.7.0_51]
	at org.mybatis.spring.SqlSessionTemplate$SqlSessionInterceptor.invoke(SqlSessionTemplate.java:358) ~[mybatis-spring-1.2.2.jar:1.2.2]
	at com.sun.proxy.$Proxy27.selectList(Unknown Source) ~[?:?]
	at org.mybatis.spring.SqlSessionTemplate.selectList(SqlSessionTemplate.java:198) ~[mybatis-spring-1.2.2.jar:1.2.2]
	at com.golden.port.framework.mybatis.SqlMapExcutor.queryListPage(SqlMapExcutor.java:44) ~[golden-port-api-1.1-SNAPSHOT.jar:?]
	at com.golden.ihome.crm.dao.house.HouseFollowDao.getHouseFollowListForPage(HouseFollowDao.java:24) ~[bin/:?]
	at com.golden.ihome.crm.service.house.HouseFollowService.getHouseFollowListForPage(HouseFollowService.java:43) ~[bin/:?]
	... 35 more

[2016-12-08 14:54:48] ERROR com.golden.port.framework.stores.impl.ServiceStore 94 access - 服务异常[houseManage/testService]: java.lang.NullPointerException
	at com.golden.ihome.common.aop.ScriptAop.before(ScriptAop.java:24) ~[bin/:?]
	at com.golden.port.framework.stores.impl.ServiceStore.access(ServiceStore.java:63) [golden-port-api-1.1-SNAPSHOT.jar:?]
	at com.alibaba.dubbo.common.bytecode.Wrapper1.invokeMethod(Wrapper1.java) [?:2.5.3]
	at com.alibaba.dubbo.rpc.proxy.javassist.JavassistProxyFactory$1.doInvoke(JavassistProxyFactory.java:46) [dubbo-2.5.3.jar:2.5.3]
	at com.alibaba.dubbo.rpc.proxy.AbstractProxyInvoker.invoke(AbstractProxyInvoker.java:72) [dubbo-2.5.3.jar:2.5.3]
	at com.alibaba.dubbo.rpc.protocol.InvokerWrapper.invoke(InvokerWrapper.java:53) [dubbo-2.5.3.jar:2.5.3]
	at com.alibaba.dubbo.rpc.filter.ExceptionFilter.invoke(ExceptionFilter.java:64) [dubbo-2.5.3.jar:2.5.3]
	at com.alibaba.dubbo.rpc.protocol.ProtocolFilterWrapper$1.invoke(ProtocolFilterWrapper.java:91) [dubbo-2.5.3.jar:2.5.3]
	at com.alibaba.dubbo.rpc.filter.TimeoutFilter.invoke(TimeoutFilter.java:42) [dubbo-2.5.3.jar:2.5.3]
	at com.alibaba.dubbo.rpc.protocol.ProtocolFilterWrapper$1.invoke(ProtocolFilterWrapper.java:91) [dubbo-2.5.3.jar:2.5.3]
	at com.alibaba.dubbo.monitor.support.MonitorFilter.invoke(MonitorFilter.java:75) [dubbo-2.5.3.jar:2.5.3]
	at com.alibaba.dubbo.rpc.protocol.ProtocolFilterWrapper$1.invoke(ProtocolFilterWrapper.java:91) [dubbo-2.5.3.jar:2.5.3]
	at com.alibaba.dubbo.rpc.protocol.dubbo.filter.TraceFilter.invoke(TraceFilter.java:78) [dubbo-2.5.3.jar:2.5.3]
	at com.alibaba.dubbo.rpc.protocol.ProtocolFilterWrapper$1.invoke(ProtocolFilterWrapper.java:91) [dubbo-2.5.3.jar:2.5.3]
	at com.alibaba.dubbo.rpc.filter.ContextFilter.invoke(ContextFilter.java:60) [dubbo-2.5.3.jar:2.5.3]
	at com.alibaba.dubbo.rpc.protocol.ProtocolFilterWrapper$1.invoke(ProtocolFilterWrapper.java:91) [dubbo-2.5.3.jar:2.5.3]
	at com.alibaba.dubbo.rpc.filter.GenericFilter.invoke(GenericFilter.java:112) [dubbo-2.5.3.jar:2.5.3]
	at com.alibaba.dubbo.rpc.protocol.ProtocolFilterWrapper$1.invoke(ProtocolFilterWrapper.java:91) [dubbo-2.5.3.jar:2.5.3]
	at com.alibaba.dubbo.rpc.filter.ClassLoaderFilter.invoke(ClassLoaderFilter.java:38) [dubbo-2.5.3.jar:2.5.3]
	at com.alibaba.dubbo.rpc.protocol.ProtocolFilterWrapper$1.invoke(ProtocolFilterWrapper.java:91) [dubbo-2.5.3.jar:2.5.3]
	at com.alibaba.dubbo.rpc.filter.EchoFilter.invoke(EchoFilter.java:38) [dubbo-2.5.3.jar:2.5.3]
	at com.alibaba.dubbo.rpc.protocol.ProtocolFilterWrapper$1.invoke(ProtocolFilterWrapper.java:91) [dubbo-2.5.3.jar:2.5.3]
	at com.alibaba.dubbo.rpc.protocol.dubbo.DubboProtocol$1.reply(DubboProtocol.java:108) [dubbo-2.5.3.jar:2.5.3]
	at com.alibaba.dubbo.remoting.exchange.support.header.HeaderExchangeHandler.handleRequest(HeaderExchangeHandler.java:84) [dubbo-2.5.3.jar:2.5.3]
	at com.alibaba.dubbo.remoting.exchange.support.header.HeaderExchangeHandler.received(HeaderExchangeHandler.java:170) [dubbo-2.5.3.jar:2.5.3]
	at com.alibaba.dubbo.remoting.transport.DecodeHandler.received(DecodeHandler.java:52) [dubbo-2.5.3.jar:2.5.3]
	at com.alibaba.dubbo.remoting.transport.dispatcher.ChannelEventRunnable.run(ChannelEventRunnable.java:82) [dubbo-2.5.3.jar:2.5.3]
	at java.util.concurrent.ThreadPoolExecutor.runWorker(ThreadPoolExecutor.java:1145) [?:1.7.0_51]
	at java.util.concurrent.ThreadPoolExecutor$Worker.run(ThreadPoolExecutor.java:615) [?:1.7.0_51]
	at java.lang.Thread.run(Thread.java:744) [?:1.7.0_51]

[2016-12-08 15:00:45] ERROR com.golden.port.framework.stores.impl.ServiceStore 94 access - 服务异常[houseManage/testService]: java.lang.NullPointerException
	at com.golden.ihome.common.aop.ScriptAop.before(ScriptAop.java:24) ~[bin/:?]
	at com.golden.port.framework.stores.impl.ServiceStore.access(ServiceStore.java:63) [golden-port-api-1.1-SNAPSHOT.jar:?]
	at com.alibaba.dubbo.common.bytecode.Wrapper1.invokeMethod(Wrapper1.java) [?:2.5.3]
	at com.alibaba.dubbo.rpc.proxy.javassist.JavassistProxyFactory$1.doInvoke(JavassistProxyFactory.java:46) [dubbo-2.5.3.jar:2.5.3]
	at com.alibaba.dubbo.rpc.proxy.AbstractProxyInvoker.invoke(AbstractProxyInvoker.java:72) [dubbo-2.5.3.jar:2.5.3]
	at com.alibaba.dubbo.rpc.protocol.InvokerWrapper.invoke(InvokerWrapper.java:53) [dubbo-2.5.3.jar:2.5.3]
	at com.alibaba.dubbo.rpc.filter.ExceptionFilter.invoke(ExceptionFilter.java:64) [dubbo-2.5.3.jar:2.5.3]
	at com.alibaba.dubbo.rpc.protocol.ProtocolFilterWrapper$1.invoke(ProtocolFilterWrapper.java:91) [dubbo-2.5.3.jar:2.5.3]
	at com.alibaba.dubbo.rpc.filter.TimeoutFilter.invoke(TimeoutFilter.java:42) [dubbo-2.5.3.jar:2.5.3]
	at com.alibaba.dubbo.rpc.protocol.ProtocolFilterWrapper$1.invoke(ProtocolFilterWrapper.java:91) [dubbo-2.5.3.jar:2.5.3]
	at com.alibaba.dubbo.monitor.support.MonitorFilter.invoke(MonitorFilter.java:75) [dubbo-2.5.3.jar:2.5.3]
	at com.alibaba.dubbo.rpc.protocol.ProtocolFilterWrapper$1.invoke(ProtocolFilterWrapper.java:91) [dubbo-2.5.3.jar:2.5.3]
	at com.alibaba.dubbo.rpc.protocol.dubbo.filter.TraceFilter.invoke(TraceFilter.java:78) [dubbo-2.5.3.jar:2.5.3]
	at com.alibaba.dubbo.rpc.protocol.ProtocolFilterWrapper$1.invoke(ProtocolFilterWrapper.java:91) [dubbo-2.5.3.jar:2.5.3]
	at com.alibaba.dubbo.rpc.filter.ContextFilter.invoke(ContextFilter.java:60) [dubbo-2.5.3.jar:2.5.3]
	at com.alibaba.dubbo.rpc.protocol.ProtocolFilterWrapper$1.invoke(ProtocolFilterWrapper.java:91) [dubbo-2.5.3.jar:2.5.3]
	at com.alibaba.dubbo.rpc.filter.GenericFilter.invoke(GenericFilter.java:112) [dubbo-2.5.3.jar:2.5.3]
	at com.alibaba.dubbo.rpc.protocol.ProtocolFilterWrapper$1.invoke(ProtocolFilterWrapper.java:91) [dubbo-2.5.3.jar:2.5.3]
	at com.alibaba.dubbo.rpc.filter.ClassLoaderFilter.invoke(ClassLoaderFilter.java:38) [dubbo-2.5.3.jar:2.5.3]
	at com.alibaba.dubbo.rpc.protocol.ProtocolFilterWrapper$1.invoke(ProtocolFilterWrapper.java:91) [dubbo-2.5.3.jar:2.5.3]
	at com.alibaba.dubbo.rpc.filter.EchoFilter.invoke(EchoFilter.java:38) [dubbo-2.5.3.jar:2.5.3]
	at com.alibaba.dubbo.rpc.protocol.ProtocolFilterWrapper$1.invoke(ProtocolFilterWrapper.java:91) [dubbo-2.5.3.jar:2.5.3]
	at com.alibaba.dubbo.rpc.protocol.dubbo.DubboProtocol$1.reply(DubboProtocol.java:108) [dubbo-2.5.3.jar:2.5.3]
	at com.alibaba.dubbo.remoting.exchange.support.header.HeaderExchangeHandler.handleRequest(HeaderExchangeHandler.java:84) [dubbo-2.5.3.jar:2.5.3]
	at com.alibaba.dubbo.remoting.exchange.support.header.HeaderExchangeHandler.received(HeaderExchangeHandler.java:170) [dubbo-2.5.3.jar:2.5.3]
	at com.alibaba.dubbo.remoting.transport.DecodeHandler.received(DecodeHandler.java:52) [dubbo-2.5.3.jar:2.5.3]
	at com.alibaba.dubbo.remoting.transport.dispatcher.ChannelEventRunnable.run(ChannelEventRunnable.java:82) [dubbo-2.5.3.jar:2.5.3]
	at java.util.concurrent.ThreadPoolExecutor.runWorker(ThreadPoolExecutor.java:1145) [?:1.7.0_51]
	at java.util.concurrent.ThreadPoolExecutor$Worker.run(ThreadPoolExecutor.java:615) [?:1.7.0_51]
	at java.lang.Thread.run(Thread.java:744) [?:1.7.0_51]

